------------------------------------------------------------------------
r10 | cweigle | 2013-10-04 09:41:37 -0600 (Fri, 04 Oct 2013) | 1 line

Added docs dir from doxygen and the doxygen config file.
------------------------------------------------------------------------
r9 | cweigle | 2013-10-04 09:11:37 -0600 (Fri, 04 Oct 2013) | 1 line

Changes for freeing mem.
------------------------------------------------------------------------
r8 | cweigle | 2013-10-02 00:35:53 -0600 (Wed, 02 Oct 2013) | 1 line

divided main into multiple functions and files.
------------------------------------------------------------------------
r7 | cweigle | 2013-10-01 22:31:58 -0600 (Tue, 01 Oct 2013) | 1 line

Added printing of jobs that have not been reportted sense the last time they changed. Needed a custom print function for the check.
------------------------------------------------------------------------
r6 | cweigle | 2013-09-30 23:40:39 -0600 (Mon, 30 Sep 2013) | 1 line

Many different changes to mutliple file for job management.
------------------------------------------------------------------------
r5 | cweigle | 2013-09-30 20:44:58 -0600 (Mon, 30 Sep 2013) | 1 line

added run script that will configure/build/run the mydash project.
------------------------------------------------------------------------
r4 | cweigle | 2013-09-30 12:56:13 -0600 (Mon, 30 Sep 2013) | 1 line

copied and changed name.
------------------------------------------------------------------------
r3 | cweigle | 2013-09-30 12:48:25 -0600 (Mon, 30 Sep 2013) | 1 line

ALOT OF CHANGES. I forgot to be commiting.
------------------------------------------------------------------------
r1 | cweigle | 2013-09-28 18:00:00 -0600 (Sat, 28 Sep 2013) | 1 line

initial checkin of mydash.
------------------------------------------------------------------------
