D:\USERS\CHAD\DOCUMENTS\VISUAL STUDIO 2012\PROJECTS\CS453_P2\CS453_P2\DEBUG\WEBSTATS.OBJ
D:\USERS\CHAD\DOCUMENTS\VISUAL STUDIO 2012\PROJECTS\CS453_P2\CS453_P2\DEBUG\VC110.PDB
D:\USERS\CHAD\DOCUMENTS\VISUAL STUDIO 2012\PROJECTS\CS453_P2\DEBUG\CS453_P2.ILK
D:\USERS\CHAD\DOCUMENTS\VISUAL STUDIO 2012\PROJECTS\CS453_P2\DEBUG\CS453_P2.EXE
D:\USERS\CHAD\DOCUMENTS\VISUAL STUDIO 2012\PROJECTS\CS453_P2\DEBUG\CS453_P2.PDB
d:\Users\Chad\documents\visual studio 2012\Projects\CS453_p2\CS453_p2\Debug\webstats.obj
d:\Users\Chad\documents\visual studio 2012\Projects\CS453_p2\CS453_p2\Debug\cl.command.1.tlog
d:\Users\Chad\documents\visual studio 2012\Projects\CS453_p2\CS453_p2\Debug\CL.read.1.tlog
d:\Users\Chad\documents\visual studio 2012\Projects\CS453_p2\CS453_p2\Debug\CL.write.1.tlog
d:\Users\Chad\documents\visual studio 2012\Projects\CS453_p2\CS453_p2\Debug\link-cvtres.read.1.tlog
d:\Users\Chad\documents\visual studio 2012\Projects\CS453_p2\CS453_p2\Debug\link-cvtres.write.1.tlog
d:\Users\Chad\documents\visual studio 2012\Projects\CS453_p2\CS453_p2\Debug\link-rc.read.1.tlog
d:\Users\Chad\documents\visual studio 2012\Projects\CS453_p2\CS453_p2\Debug\link-rc.write.1.tlog
d:\Users\Chad\documents\visual studio 2012\Projects\CS453_p2\CS453_p2\Debug\link.command.1.tlog
d:\Users\Chad\documents\visual studio 2012\Projects\CS453_p2\CS453_p2\Debug\link.read.1.tlog
d:\Users\Chad\documents\visual studio 2012\Projects\CS453_p2\CS453_p2\Debug\link.write.1.tlog
d:\Users\Chad\documents\visual studio 2012\Projects\CS453_p2\CS453_p2\Debug\vc110.idb
d:\Users\Chad\documents\visual studio 2012\Projects\CS453_p2\CS453_p2\Debug\vc110.pdb
d:\Users\Chad\documents\visual studio 2012\Projects\CS453_p2\Debug\CS453_p2.pdb
d:\Users\Chad\documents\visual studio 2012\Projects\CS453_p2\Debug\CS453_p2.exe
d:\Users\Chad\documents\visual studio 2012\Projects\CS453_p2\Debug\CS453_p2.ilk
